<?xml version="1.0" encoding="UTF-8"?>
<!-- Generated by org.testng.reporters.JUnitReportReporter -->
<testsuite skipped="0" hostname="Gurudeesh-PC" name="tipphalconfreemium.TC001_GET_Request" tests="1" failures="0" timestamp="11 May 2021 12:59:29 GMT" time="0.039" errors="0">
  <testcase name="getReguest" time="0.039" classname="tipphalconfreemium.TC001_GET_Request"/>
</testsuite> <!-- tipphalconfreemium.TC001_GET_Request -->
